  [1m[35m (53.8ms)[0m  [1m[35mCREATE DATABASE "polls_app_development" ENCODING = 'unicode'[0m
  ↳ /Users/appacademy/.rbenv/versions/2.5.1/bin/rake:23
  [1m[35m (61.6ms)[0m  [1m[35mCREATE DATABASE "polls_app_test" ENCODING = 'unicode'[0m
  ↳ /Users/appacademy/.rbenv/versions/2.5.1/bin/rake:23
  [1m[35m (0.4ms)[0m  [1m[35mCREATE DATABASE "polls_app_development" ENCODING = 'unicode'[0m
  ↳ /Users/appacademy/.rbenv/versions/2.5.1/bin/rake:23
  [1m[35m (0.4ms)[0m  [1m[35mCREATE DATABASE "polls_app_test" ENCODING = 'unicode'[0m
  ↳ /Users/appacademy/.rbenv/versions/2.5.1/bin/rake:23
  [1m[35m (4.9ms)[0m  [1m[35mCREATE TABLE "schema_migrations" ("version" character varying NOT NULL PRIMARY KEY)[0m
  ↳ /Users/appacademy/.rbenv/versions/2.5.1/bin/rake:23
  [1m[35m (2.8ms)[0m  [1m[35mCREATE TABLE "ar_internal_metadata" ("key" character varying NOT NULL PRIMARY KEY, "value" character varying, "created_at" timestamp NOT NULL, "updated_at" timestamp NOT NULL)[0m
  ↳ /Users/appacademy/.rbenv/versions/2.5.1/bin/rake:23
  [1m[35m (0.2ms)[0m  [1m[34mSELECT pg_try_advisory_lock(4042686100896465855)[0m
  ↳ /Users/appacademy/.rbenv/versions/2.5.1/bin/rake:23
  [1m[35m (0.4ms)[0m  [1m[34mSELECT "schema_migrations"."version" FROM "schema_migrations" ORDER BY "schema_migrations"."version" ASC[0m
  ↳ /Users/appacademy/.rbenv/versions/2.5.1/bin/rake:23
Migrating to CreateUser (20200118001343)
  [1m[35m (0.1ms)[0m  [1m[35mBEGIN[0m
  ↳ /Users/appacademy/.rbenv/versions/2.5.1/bin/rake:23
  [1m[35m (3.0ms)[0m  [1m[35mCREATE TABLE "users" ("id" bigserial primary key, "username" character varying(12) NOT NULL, "created_at" timestamp NOT NULL, "updated_at" timestamp NOT NULL)[0m
  ↳ db/migrate/20200118001343_create_user.rb:3
  [1m[35m (1.0ms)[0m  [1m[35mCREATE UNIQUE INDEX  "index_users_on_username" ON "users"  ("username")[0m
  ↳ db/migrate/20200118001343_create_user.rb:7
  [1m[36mActiveRecord::SchemaMigration Create (0.4ms)[0m  [1m[32mINSERT INTO "schema_migrations" ("version") VALUES ($1) RETURNING "version"[0m  [["version", "20200118001343"]]
  ↳ /Users/appacademy/.rbenv/versions/2.5.1/bin/rake:23
  [1m[35m (0.4ms)[0m  [1m[35mCOMMIT[0m
  ↳ /Users/appacademy/.rbenv/versions/2.5.1/bin/rake:23
Migrating to CreatePoll (20200118001539)
  [1m[35m (0.2ms)[0m  [1m[35mBEGIN[0m
  ↳ /Users/appacademy/.rbenv/versions/2.5.1/bin/rake:23
  [1m[35m (3.0ms)[0m  [1m[35mCREATE TABLE "polls" ("id" bigserial primary key, "title" character varying NOT NULL, "author_id" integer NOT NULL)[0m
  ↳ db/migrate/20200118001539_create_poll.rb:3
  [1m[36mActiveRecord::SchemaMigration Create (0.2ms)[0m  [1m[32mINSERT INTO "schema_migrations" ("version") VALUES ($1) RETURNING "version"[0m  [["version", "20200118001539"]]
  ↳ /Users/appacademy/.rbenv/versions/2.5.1/bin/rake:23
  [1m[35m (0.3ms)[0m  [1m[35mCOMMIT[0m
  ↳ /Users/appacademy/.rbenv/versions/2.5.1/bin/rake:23
Migrating to CreateQuestion (20200118001702)
  [1m[35m (0.2ms)[0m  [1m[35mBEGIN[0m
  ↳ /Users/appacademy/.rbenv/versions/2.5.1/bin/rake:23
  [1m[35m (3.1ms)[0m  [1m[35mCREATE TABLE "questions" ("id" bigserial primary key, "text" character varying NOT NULL, "poll_id" integer NOT NULL)[0m
  ↳ db/migrate/20200118001702_create_question.rb:3
  [1m[35m (1.0ms)[0m  [1m[35mCREATE UNIQUE INDEX  "index_questions_on_poll_id" ON "questions"  ("poll_id")[0m
  ↳ db/migrate/20200118001702_create_question.rb:7
  [1m[36mActiveRecord::SchemaMigration Create (0.3ms)[0m  [1m[32mINSERT INTO "schema_migrations" ("version") VALUES ($1) RETURNING "version"[0m  [["version", "20200118001702"]]
  ↳ /Users/appacademy/.rbenv/versions/2.5.1/bin/rake:23
  [1m[35m (0.4ms)[0m  [1m[35mCOMMIT[0m
  ↳ /Users/appacademy/.rbenv/versions/2.5.1/bin/rake:23
Migrating to CreateAnswerChoice (20200118001746)
  [1m[35m (0.3ms)[0m  [1m[35mBEGIN[0m
  ↳ /Users/appacademy/.rbenv/versions/2.5.1/bin/rake:23
  [1m[35m (3.2ms)[0m  [1m[35mCREATE TABLE "answer_choices" ("id" bigserial primary key, "text" character varying NOT NULL, "question_id" integer NOT NULL)[0m
  ↳ db/migrate/20200118001746_create_answer_choice.rb:3
  [1m[36mActiveRecord::SchemaMigration Create (0.2ms)[0m  [1m[32mINSERT INTO "schema_migrations" ("version") VALUES ($1) RETURNING "version"[0m  [["version", "20200118001746"]]
  ↳ /Users/appacademy/.rbenv/versions/2.5.1/bin/rake:23
  [1m[35m (0.3ms)[0m  [1m[35mCOMMIT[0m
  ↳ /Users/appacademy/.rbenv/versions/2.5.1/bin/rake:23
Migrating to CreateResponse (20200118001843)
  [1m[35m (0.2ms)[0m  [1m[35mBEGIN[0m
  ↳ /Users/appacademy/.rbenv/versions/2.5.1/bin/rake:23
  [1m[35m (2.1ms)[0m  [1m[35mCREATE TABLE "responses" ("id" bigserial primary key, "answer_choice_id" integer NOT NULL, "author_id" integer NOT NULL)[0m
  ↳ db/migrate/20200118001843_create_response.rb:3
  [1m[36mActiveRecord::SchemaMigration Create (0.3ms)[0m  [1m[32mINSERT INTO "schema_migrations" ("version") VALUES ($1) RETURNING "version"[0m  [["version", "20200118001843"]]
  ↳ /Users/appacademy/.rbenv/versions/2.5.1/bin/rake:23
  [1m[35m (0.3ms)[0m  [1m[35mCOMMIT[0m
  ↳ /Users/appacademy/.rbenv/versions/2.5.1/bin/rake:23
  [1m[36mActiveRecord::InternalMetadata Load (0.3ms)[0m  [1m[34mSELECT  "ar_internal_metadata".* FROM "ar_internal_metadata" WHERE "ar_internal_metadata"."key" = $1 LIMIT $2[0m  [["key", "environment"], ["LIMIT", 1]]
  ↳ /Users/appacademy/.rbenv/versions/2.5.1/bin/rake:23
  [1m[35m (0.2ms)[0m  [1m[35mBEGIN[0m
  ↳ /Users/appacademy/.rbenv/versions/2.5.1/bin/rake:23
  [1m[36mActiveRecord::InternalMetadata Create (0.4ms)[0m  [1m[32mINSERT INTO "ar_internal_metadata" ("key", "value", "created_at", "updated_at") VALUES ($1, $2, $3, $4) RETURNING "key"[0m  [["key", "environment"], ["value", "development"], ["created_at", "2020-01-18 00:51:15.064314"], ["updated_at", "2020-01-18 00:51:15.064314"]]
  ↳ /Users/appacademy/.rbenv/versions/2.5.1/bin/rake:23
  [1m[35m (0.3ms)[0m  [1m[35mCOMMIT[0m
  ↳ /Users/appacademy/.rbenv/versions/2.5.1/bin/rake:23
  [1m[35m (0.2ms)[0m  [1m[34mSELECT pg_advisory_unlock(4042686100896465855)[0m
  ↳ /Users/appacademy/.rbenv/versions/2.5.1/bin/rake:23
  [1m[35m (0.2ms)[0m  [1m[34mSELECT "schema_migrations"."version" FROM "schema_migrations" ORDER BY "schema_migrations"."version" ASC[0m
  ↳ /Users/appacademy/.rbenv/versions/2.5.1/bin/rake:23
