  [1m[35m (754.6ms)[0m  [1m[35mCREATE DATABASE "music_app_development" ENCODING = 'unicode'[0m
  ↳ bin/rails:9
  [1m[35m (412.4ms)[0m  [1m[35mCREATE DATABASE "music_app_test" ENCODING = 'unicode'[0m
  ↳ bin/rails:9
  [1m[35m (33.8ms)[0m  [1m[35mCREATE TABLE "schema_migrations" ("version" character varying NOT NULL PRIMARY KEY)[0m
  ↳ bin/rails:9
  [1m[35m (6.5ms)[0m  [1m[35mCREATE TABLE "ar_internal_metadata" ("key" character varying NOT NULL PRIMARY KEY, "value" character varying, "created_at" timestamp NOT NULL, "updated_at" timestamp NOT NULL)[0m
  ↳ bin/rails:9
  [1m[35m (0.7ms)[0m  [1m[34mSELECT pg_try_advisory_lock(4505726345591715405)[0m
  ↳ bin/rails:9
  [1m[35m (1.7ms)[0m  [1m[34mSELECT "schema_migrations"."version" FROM "schema_migrations" ORDER BY "schema_migrations"."version" ASC[0m
  ↳ bin/rails:9
Migrating to CreateUsers (20200128214248)
  [1m[35m (0.2ms)[0m  [1m[35mBEGIN[0m
  ↳ bin/rails:9
  [1m[35m (8.8ms)[0m  [1m[35mCREATE TABLE "users" ("id" bigserial primary key, "email" character varying NOT NULL, "password_digest" character varying NOT NULL, "session_token" character varying NOT NULL, "created_at" timestamp NOT NULL, "updated_at" timestamp NOT NULL)[0m
  ↳ db/migrate/20200128214248_create_users.rb:3
  [1m[36mActiveRecord::SchemaMigration Create (0.9ms)[0m  [1m[32mINSERT INTO "schema_migrations" ("version") VALUES ($1) RETURNING "version"[0m  [["version", "20200128214248"]]
  ↳ bin/rails:9
  [1m[35m (0.5ms)[0m  [1m[35mCOMMIT[0m
  ↳ bin/rails:9
  [1m[36mActiveRecord::InternalMetadata Load (1.7ms)[0m  [1m[34mSELECT  "ar_internal_metadata".* FROM "ar_internal_metadata" WHERE "ar_internal_metadata"."key" = $1 LIMIT $2[0m  [["key", "environment"], ["LIMIT", 1]]
  ↳ bin/rails:9
  [1m[35m (0.2ms)[0m  [1m[35mBEGIN[0m
  ↳ bin/rails:9
  [1m[36mActiveRecord::InternalMetadata Create (0.7ms)[0m  [1m[32mINSERT INTO "ar_internal_metadata" ("key", "value", "created_at", "updated_at") VALUES ($1, $2, $3, $4) RETURNING "key"[0m  [["key", "environment"], ["value", "development"], ["created_at", "2020-01-28 21:45:48.972685"], ["updated_at", "2020-01-28 21:45:48.972685"]]
  ↳ bin/rails:9
  [1m[35m (0.5ms)[0m  [1m[35mCOMMIT[0m
  ↳ bin/rails:9
  [1m[35m (0.4ms)[0m  [1m[34mSELECT pg_advisory_unlock(4505726345591715405)[0m
  ↳ bin/rails:9
  [1m[35m (0.6ms)[0m  [1m[34mSELECT "schema_migrations"."version" FROM "schema_migrations" ORDER BY "schema_migrations"."version" ASC[0m
  ↳ bin/rails:9
Started GET "/" for ::1 at 2020-01-28 15:09:43 -0800
  [1m[35m (2.3ms)[0m  [1m[34mSELECT "schema_migrations"."version" FROM "schema_migrations" ORDER BY "schema_migrations"."version" ASC[0m
  ↳ /Users/nateg/.rbenv/versions/2.5.1/lib/ruby/gems/2.5.0/gems/activerecord-5.2.4.1/lib/active_record/log_subscriber.rb:98
Processing by Rails::WelcomeController#index as HTML
  Rendering /Users/nateg/.rbenv/versions/2.5.1/lib/ruby/gems/2.5.0/gems/railties-5.2.4.1/lib/rails/templates/rails/welcome/index.html.erb
  Rendered /Users/nateg/.rbenv/versions/2.5.1/lib/ruby/gems/2.5.0/gems/railties-5.2.4.1/lib/rails/templates/rails/welcome/index.html.erb (3.5ms)
Completed 200 OK in 36ms (Views: 12.8ms | ActiveRecord: 0.0ms)


Started GET "/" for ::1 at 2020-01-28 15:23:40 -0800
Processing by Rails::WelcomeController#index as HTML
  Rendering /Users/nateg/.rbenv/versions/2.5.1/lib/ruby/gems/2.5.0/gems/railties-5.2.4.1/lib/rails/templates/rails/welcome/index.html.erb
  Rendered /Users/nateg/.rbenv/versions/2.5.1/lib/ruby/gems/2.5.0/gems/railties-5.2.4.1/lib/rails/templates/rails/welcome/index.html.erb (10.6ms)
Completed 200 OK in 45ms (Views: 25.0ms | ActiveRecord: 0.0ms)


Started GET "/user" for ::1 at 2020-01-28 15:23:47 -0800
  
ActionController::RoutingError (No route matches [GET] "/user"):
  
actionpack (5.2.4.1) lib/action_dispatch/middleware/debug_exceptions.rb:65:in `call'
web-console (3.7.0) lib/web_console/middleware.rb:135:in `call_app'
web-console (3.7.0) lib/web_console/middleware.rb:30:in `block in call'
web-console (3.7.0) lib/web_console/middleware.rb:20:in `catch'
web-console (3.7.0) lib/web_console/middleware.rb:20:in `call'
actionpack (5.2.4.1) lib/action_dispatch/middleware/show_exceptions.rb:33:in `call'
railties (5.2.4.1) lib/rails/rack/logger.rb:38:in `call_app'
railties (5.2.4.1) lib/rails/rack/logger.rb:26:in `block in call'
activesupport (5.2.4.1) lib/active_support/tagged_logging.rb:71:in `block in tagged'
activesupport (5.2.4.1) lib/active_support/tagged_logging.rb:28:in `tagged'
activesupport (5.2.4.1) lib/active_support/tagged_logging.rb:71:in `tagged'
railties (5.2.4.1) lib/rails/rack/logger.rb:26:in `call'
sprockets-rails (3.2.1) lib/sprockets/rails/quiet_assets.rb:13:in `call'
actionpack (5.2.4.1) lib/action_dispatch/middleware/remote_ip.rb:81:in `call'
actionpack (5.2.4.1) lib/action_dispatch/middleware/request_id.rb:27:in `call'
rack (2.1.2) lib/rack/method_override.rb:24:in `call'
rack (2.1.2) lib/rack/runtime.rb:24:in `call'
activesupport (5.2.4.1) lib/active_support/cache/strategy/local_cache_middleware.rb:29:in `call'
actionpack (5.2.4.1) lib/action_dispatch/middleware/executor.rb:14:in `call'
actionpack (5.2.4.1) lib/action_dispatch/middleware/static.rb:127:in `call'
rack (2.1.2) lib/rack/sendfile.rb:113:in `call'
railties (5.2.4.1) lib/rails/engine.rb:524:in `call'
puma (3.12.2) lib/puma/configuration.rb:227:in `call'
puma (3.12.2) lib/puma/server.rb:674:in `handle_request'
puma (3.12.2) lib/puma/server.rb:476:in `process_client'
puma (3.12.2) lib/puma/server.rb:334:in `block in run'
puma (3.12.2) lib/puma/thread_pool.rb:135:in `block in spawn_thread'
Started GET "/users" for ::1 at 2020-01-28 15:24:29 -0800

SyntaxError - syntax error, unexpected tIDENTIFIER, expecting keyword_end
    return nil unlesssession[:session_token]
               ^~~~~~~~~~~~~:
  app/controllers/application_controller.rb:6:in `'
  app/controllers/users_controller.rb:1:in `<top (required)>'

Started POST "/__better_errors/056e1e6a11de6abf/variables" for ::1 at 2020-01-28 15:24:29 -0800
Started GET "/users" for ::1 at 2020-01-28 15:25:25 -0800
Processing by UsersController#index as HTML
Redirected to http://localhost:3000/session/new
Filter chain halted as :require_login rendered or redirected
Completed 302 Found in 1ms (ActiveRecord: 0.0ms)


Started GET "/session/new" for ::1 at 2020-01-28 15:25:25 -0800
Processing by SessionsController#new as HTML
Completed 500 Internal Server Error in 11ms (ActiveRecord: 0.0ms)



ActionView::MissingTemplate - Missing template sessions/new, application/new with {:locale=>[:en], :formats=>[:html], :variants=>[], :handlers=>[:raw, :erb, :html, :builder, :ruby, :coffee, :jbuilder]}. Searched in:
  * "/Users/nateg/Desktop/aa_classwork/W7D2/music_app/app/views"
:
  app/controllers/sessions_controller.rb:3:in `new'

Started POST "/__better_errors/5ccaec52d5df81ab/variables" for ::1 at 2020-01-28 15:25:26 -0800
Started GET "/session/new" for ::1 at 2020-01-28 15:25:51 -0800
Processing by SessionsController#new as HTML
  Rendering sessions/new.html.erb within layouts/application
  Rendered sessions/new.html.erb within layouts/application (0.5ms)
Completed 200 OK in 1146ms (Views: 1145.5ms | ActiveRecord: 0.0ms)


Started GET "/session/new" for ::1 at 2020-01-28 15:28:27 -0800
Processing by SessionsController#new as HTML
  Rendering sessions/new.html.erb within layouts/application
  Rendered sessions/new.html.erb within layouts/application (3.3ms)
Completed 200 OK in 125ms (Views: 117.4ms | ActiveRecord: 0.0ms)


Started GET "/session" for ::1 at 2020-01-28 15:28:29 -0800
  
ActionController::RoutingError (No route matches [GET] "/session"):
  
actionpack (5.2.4.1) lib/action_dispatch/middleware/debug_exceptions.rb:65:in `call'
web-console (3.7.0) lib/web_console/middleware.rb:135:in `call_app'
web-console (3.7.0) lib/web_console/middleware.rb:30:in `block in call'
web-console (3.7.0) lib/web_console/middleware.rb:20:in `catch'
web-console (3.7.0) lib/web_console/middleware.rb:20:in `call'
actionpack (5.2.4.1) lib/action_dispatch/middleware/show_exceptions.rb:33:in `call'
railties (5.2.4.1) lib/rails/rack/logger.rb:38:in `call_app'
railties (5.2.4.1) lib/rails/rack/logger.rb:26:in `block in call'
activesupport (5.2.4.1) lib/active_support/tagged_logging.rb:71:in `block in tagged'
activesupport (5.2.4.1) lib/active_support/tagged_logging.rb:28:in `tagged'
activesupport (5.2.4.1) lib/active_support/tagged_logging.rb:71:in `tagged'
railties (5.2.4.1) lib/rails/rack/logger.rb:26:in `call'
sprockets-rails (3.2.1) lib/sprockets/rails/quiet_assets.rb:13:in `call'
actionpack (5.2.4.1) lib/action_dispatch/middleware/remote_ip.rb:81:in `call'
actionpack (5.2.4.1) lib/action_dispatch/middleware/request_id.rb:27:in `call'
rack (2.1.2) lib/rack/method_override.rb:24:in `call'
rack (2.1.2) lib/rack/runtime.rb:24:in `call'
activesupport (5.2.4.1) lib/active_support/cache/strategy/local_cache_middleware.rb:29:in `call'
actionpack (5.2.4.1) lib/action_dispatch/middleware/executor.rb:14:in `call'
actionpack (5.2.4.1) lib/action_dispatch/middleware/static.rb:127:in `call'
rack (2.1.2) lib/rack/sendfile.rb:113:in `call'
railties (5.2.4.1) lib/rails/engine.rb:524:in `call'
puma (3.12.2) lib/puma/configuration.rb:227:in `call'
puma (3.12.2) lib/puma/server.rb:674:in `handle_request'
puma (3.12.2) lib/puma/server.rb:476:in `process_client'
puma (3.12.2) lib/puma/server.rb:334:in `block in run'
puma (3.12.2) lib/puma/thread_pool.rb:135:in `block in spawn_thread'
Started GET "/session" for ::1 at 2020-01-28 15:28:36 -0800
  
ActionController::RoutingError (No route matches [GET] "/session"):
  
actionpack (5.2.4.1) lib/action_dispatch/middleware/debug_exceptions.rb:65:in `call'
web-console (3.7.0) lib/web_console/middleware.rb:135:in `call_app'
web-console (3.7.0) lib/web_console/middleware.rb:30:in `block in call'
web-console (3.7.0) lib/web_console/middleware.rb:20:in `catch'
web-console (3.7.0) lib/web_console/middleware.rb:20:in `call'
actionpack (5.2.4.1) lib/action_dispatch/middleware/show_exceptions.rb:33:in `call'
railties (5.2.4.1) lib/rails/rack/logger.rb:38:in `call_app'
railties (5.2.4.1) lib/rails/rack/logger.rb:26:in `block in call'
activesupport (5.2.4.1) lib/active_support/tagged_logging.rb:71:in `block in tagged'
activesupport (5.2.4.1) lib/active_support/tagged_logging.rb:28:in `tagged'
activesupport (5.2.4.1) lib/active_support/tagged_logging.rb:71:in `tagged'
railties (5.2.4.1) lib/rails/rack/logger.rb:26:in `call'
sprockets-rails (3.2.1) lib/sprockets/rails/quiet_assets.rb:13:in `call'
actionpack (5.2.4.1) lib/action_dispatch/middleware/remote_ip.rb:81:in `call'
actionpack (5.2.4.1) lib/action_dispatch/middleware/request_id.rb:27:in `call'
rack (2.1.2) lib/rack/method_override.rb:24:in `call'
rack (2.1.2) lib/rack/runtime.rb:24:in `call'
activesupport (5.2.4.1) lib/active_support/cache/strategy/local_cache_middleware.rb:29:in `call'
actionpack (5.2.4.1) lib/action_dispatch/middleware/executor.rb:14:in `call'
actionpack (5.2.4.1) lib/action_dispatch/middleware/static.rb:127:in `call'
rack (2.1.2) lib/rack/sendfile.rb:113:in `call'
railties (5.2.4.1) lib/rails/engine.rb:524:in `call'
puma (3.12.2) lib/puma/configuration.rb:227:in `call'
puma (3.12.2) lib/puma/server.rb:674:in `handle_request'
puma (3.12.2) lib/puma/server.rb:476:in `process_client'
puma (3.12.2) lib/puma/server.rb:334:in `block in run'
puma (3.12.2) lib/puma/thread_pool.rb:135:in `block in spawn_thread'
Started GET "/session/new" for ::1 at 2020-01-28 15:32:33 -0800
Processing by SessionsController#new as HTML
  Rendering sessions/new.html.erb within layouts/application
  Rendered sessions/new.html.erb within layouts/application (1.2ms)
Completed 500 Internal Server Error in 776ms (ActiveRecord: 0.0ms)



NameError - undefined local variable or method `require_login' for #<#<Class:0x00007f85c3171880>:0x00007f85c8495958>
Did you mean?  require:
  app/views/layouts/application.html.erb:24:in `_app_views_layouts_application_html_erb__2647249556248191861_70106286175380'
  app/controllers/sessions_controller.rb:3:in `new'

Started POST "/__better_errors/45aac05349e3fd5d/variables" for ::1 at 2020-01-28 15:32:34 -0800
Started GET "/session/new" for ::1 at 2020-01-28 15:33:00 -0800
Processing by SessionsController#new as HTML
  Rendering sessions/new.html.erb within layouts/application
  Rendered sessions/new.html.erb within layouts/application (1.1ms)
Completed 500 Internal Server Error in 966ms (ActiveRecord: 0.0ms)



NameError - undefined local variable or method `require_login' for #<#<Class:0x00007f85c3171880>:0x00007f85c72904d8>
Did you mean?  require:
  app/views/layouts/application.html.erb:24:in `_app_views_layouts_application_html_erb__2647249556248191861_70106274471200'
  app/controllers/sessions_controller.rb:3:in `new'

Started POST "/__better_errors/c4c5c04698126df8/variables" for ::1 at 2020-01-28 15:33:01 -0800
Started GET "/session/new" for ::1 at 2020-01-28 15:33:51 -0800
Processing by SessionsController#new as HTML
  Rendering sessions/new.html.erb within layouts/application
  Rendered sessions/new.html.erb within layouts/application (0.7ms)
Redirected to http://localhost:3000/session/new
Completed 302 Found in 44ms (Views: 43.0ms | ActiveRecord: 0.0ms)


Started GET "/session/new" for ::1 at 2020-01-28 15:33:51 -0800
Processing by SessionsController#new as HTML
  Rendering sessions/new.html.erb within layouts/application
  Rendered sessions/new.html.erb within layouts/application (1.2ms)
Redirected to http://localhost:3000/session/new
Completed 302 Found in 85ms (Views: 82.7ms | ActiveRecord: 0.0ms)


Started GET "/session/new" for ::1 at 2020-01-28 15:33:51 -0800
Processing by SessionsController#new as HTML
  Rendering sessions/new.html.erb within layouts/application
  Rendered sessions/new.html.erb within layouts/application (2.9ms)
Redirected to http://localhost:3000/session/new
Completed 302 Found in 98ms (Views: 97.4ms | ActiveRecord: 0.0ms)


Started GET "/session/new" for ::1 at 2020-01-28 15:33:51 -0800
Processing by SessionsController#new as HTML
  Rendering sessions/new.html.erb within layouts/application
  Rendered sessions/new.html.erb within layouts/application (1.0ms)
Redirected to http://localhost:3000/session/new
Completed 302 Found in 60ms (Views: 58.9ms | ActiveRecord: 0.0ms)


Started GET "/session/new" for ::1 at 2020-01-28 15:33:51 -0800
Processing by SessionsController#new as HTML
  Rendering sessions/new.html.erb within layouts/application
  Rendered sessions/new.html.erb within layouts/application (0.5ms)
Redirected to http://localhost:3000/session/new
Completed 302 Found in 25ms (Views: 25.1ms | ActiveRecord: 0.0ms)


Started GET "/session/new" for ::1 at 2020-01-28 15:33:51 -0800
Processing by SessionsController#new as HTML
  Rendering sessions/new.html.erb within layouts/application
  Rendered sessions/new.html.erb within layouts/application (0.7ms)
Redirected to http://localhost:3000/session/new
Completed 302 Found in 28ms (Views: 27.5ms | ActiveRecord: 0.0ms)


Started GET "/session/new" for ::1 at 2020-01-28 15:33:51 -0800
Processing by SessionsController#new as HTML
  Rendering sessions/new.html.erb within layouts/application
  Rendered sessions/new.html.erb within layouts/application (0.6ms)
Redirected to http://localhost:3000/session/new
Completed 302 Found in 29ms (Views: 28.3ms | ActiveRecord: 0.0ms)


Started GET "/session/new" for ::1 at 2020-01-28 15:33:51 -0800
Processing by SessionsController#new as HTML
  Rendering sessions/new.html.erb within layouts/application
  Rendered sessions/new.html.erb within layouts/application (0.5ms)
Redirected to http://localhost:3000/session/new
Completed 302 Found in 28ms (Views: 28.0ms | ActiveRecord: 0.0ms)


Started GET "/session/new" for ::1 at 2020-01-28 15:33:51 -0800
Processing by SessionsController#new as HTML
  Rendering sessions/new.html.erb within layouts/application
  Rendered sessions/new.html.erb within layouts/application (1.6ms)
Redirected to http://localhost:3000/session/new
Completed 302 Found in 24ms (Views: 23.7ms | ActiveRecord: 0.0ms)


Started GET "/session/new" for ::1 at 2020-01-28 15:33:51 -0800
Processing by SessionsController#new as HTML
  Rendering sessions/new.html.erb within layouts/application
  Rendered sessions/new.html.erb within layouts/application (0.7ms)
Redirected to http://localhost:3000/session/new
Completed 302 Found in 39ms (Views: 37.6ms | ActiveRecord: 0.0ms)


Started GET "/session/new" for ::1 at 2020-01-28 15:33:51 -0800
Processing by SessionsController#new as HTML
  Rendering sessions/new.html.erb within layouts/application
  Rendered sessions/new.html.erb within layouts/application (1.2ms)
Redirected to http://localhost:3000/session/new
Completed 302 Found in 68ms (Views: 67.8ms | ActiveRecord: 0.0ms)


Started GET "/session/new" for ::1 at 2020-01-28 15:33:51 -0800
Processing by SessionsController#new as HTML
  Rendering sessions/new.html.erb within layouts/application
  Rendered sessions/new.html.erb within layouts/application (0.7ms)
Redirected to http://localhost:3000/session/new
Completed 302 Found in 41ms (Views: 40.2ms | ActiveRecord: 0.0ms)


Started GET "/session/new" for ::1 at 2020-01-28 15:33:51 -0800
Processing by SessionsController#new as HTML
  Rendering sessions/new.html.erb within layouts/application
  Rendered sessions/new.html.erb within layouts/application (0.6ms)
Redirected to http://localhost:3000/session/new
Completed 302 Found in 27ms (Views: 25.9ms | ActiveRecord: 0.0ms)


Started GET "/session/new" for ::1 at 2020-01-28 15:33:51 -0800
Processing by SessionsController#new as HTML
  Rendering sessions/new.html.erb within layouts/application
  Rendered sessions/new.html.erb within layouts/application (0.6ms)
Redirected to http://localhost:3000/session/new
Completed 302 Found in 31ms (Views: 30.0ms | ActiveRecord: 0.0ms)


Started GET "/session/new" for ::1 at 2020-01-28 15:33:52 -0800
Processing by SessionsController#new as HTML
  Rendering sessions/new.html.erb within layouts/application
  Rendered sessions/new.html.erb within layouts/application (0.6ms)
Redirected to http://localhost:3000/session/new
Completed 302 Found in 27ms (Views: 25.8ms | ActiveRecord: 0.0ms)


Started GET "/session/new" for ::1 at 2020-01-28 15:33:52 -0800
Processing by SessionsController#new as HTML
  Rendering sessions/new.html.erb within layouts/application
  Rendered sessions/new.html.erb within layouts/application (0.5ms)
Redirected to http://localhost:3000/session/new
Completed 302 Found in 27ms (Views: 26.8ms | ActiveRecord: 0.0ms)


Started GET "/session/new" for ::1 at 2020-01-28 15:33:52 -0800
Processing by SessionsController#new as HTML
  Rendering sessions/new.html.erb within layouts/application
  Rendered sessions/new.html.erb within layouts/application (0.6ms)
Redirected to http://localhost:3000/session/new
Completed 302 Found in 24ms (Views: 23.3ms | ActiveRecord: 0.0ms)


Started GET "/session/new" for ::1 at 2020-01-28 15:33:52 -0800
Processing by SessionsController#new as HTML
  Rendering sessions/new.html.erb within layouts/application
  Rendered sessions/new.html.erb within layouts/application (1.1ms)
Redirected to http://localhost:3000/session/new
Completed 302 Found in 30ms (Views: 29.5ms | ActiveRecord: 0.0ms)


Started GET "/session/new" for ::1 at 2020-01-28 15:33:52 -0800
Processing by SessionsController#new as HTML
  Rendering sessions/new.html.erb within layouts/application
  Rendered sessions/new.html.erb within layouts/application (0.5ms)
Redirected to http://localhost:3000/session/new
Completed 302 Found in 29ms (Views: 28.5ms | ActiveRecord: 0.0ms)


Started GET "/session/new" for ::1 at 2020-01-28 15:33:52 -0800
Processing by SessionsController#new as HTML
  Rendering sessions/new.html.erb within layouts/application
  Rendered sessions/new.html.erb within layouts/application (0.7ms)
Redirected to http://localhost:3000/session/new
Completed 302 Found in 24ms (Views: 23.9ms | ActiveRecord: 0.0ms)


Started GET "/session/new" for ::1 at 2020-01-28 15:33:52 -0800
Processing by SessionsController#new as HTML
  Rendering sessions/new.html.erb within layouts/application
  Rendered sessions/new.html.erb within layouts/application (0.7ms)
Redirected to http://localhost:3000/session/new
Completed 302 Found in 45ms (Views: 43.5ms | ActiveRecord: 0.0ms)


Started GET "/session/new" for ::1 at 2020-01-28 15:33:52 -0800
Processing by SessionsController#new as HTML
  Rendering sessions/new.html.erb within layouts/application
  Rendered sessions/new.html.erb within layouts/application (0.6ms)
Redirected to http://localhost:3000/session/new
Completed 302 Found in 43ms (Views: 42.4ms | ActiveRecord: 0.0ms)


Started GET "/session/new" for ::1 at 2020-01-28 15:33:52 -0800
Processing by SessionsController#new as HTML
  Rendering sessions/new.html.erb within layouts/application
  Rendered sessions/new.html.erb within layouts/application (0.9ms)
Redirected to http://localhost:3000/session/new
Completed 302 Found in 51ms (Views: 49.9ms | ActiveRecord: 0.0ms)


Started GET "/session/new" for ::1 at 2020-01-28 15:33:52 -0800
Processing by SessionsController#new as HTML
  Rendering sessions/new.html.erb within layouts/application
  Rendered sessions/new.html.erb within layouts/application (0.6ms)
Redirected to http://localhost:3000/session/new
Completed 302 Found in 24ms (Views: 23.2ms | ActiveRecord: 0.0ms)


Started GET "/session/new" for ::1 at 2020-01-28 15:33:52 -0800
Processing by SessionsController#new as HTML
  Rendering sessions/new.html.erb within layouts/application
  Rendered sessions/new.html.erb within layouts/application (0.6ms)
Redirected to http://localhost:3000/session/new
Completed 302 Found in 30ms (Views: 27.0ms | ActiveRecord: 0.0ms)


Started GET "/session/new" for ::1 at 2020-01-28 15:33:52 -0800
Processing by SessionsController#new as HTML
  Rendering sessions/new.html.erb within layouts/application
  Rendered sessions/new.html.erb within layouts/application (0.6ms)
Redirected to http://localhost:3000/session/new
Completed 302 Found in 26ms (Views: 25.7ms | ActiveRecord: 0.0ms)


Started GET "/session/new" for ::1 at 2020-01-28 15:33:52 -0800
Processing by SessionsController#new as HTML
  Rendering sessions/new.html.erb within layouts/application
  Rendered sessions/new.html.erb within layouts/application (0.7ms)
Redirected to http://localhost:3000/session/new
Completed 302 Found in 30ms (Views: 29.4ms | ActiveRecord: 0.0ms)


Started GET "/session/new" for ::1 at 2020-01-28 15:33:52 -0800
Processing by SessionsController#new as HTML
  Rendering sessions/new.html.erb within layouts/application
  Rendered sessions/new.html.erb within layouts/application (0.6ms)
Redirected to http://localhost:3000/session/new
Completed 302 Found in 29ms (Views: 28.9ms | ActiveRecord: 0.0ms)


Started GET "/session/new" for ::1 at 2020-01-28 15:33:52 -0800
Processing by SessionsController#new as HTML
  Rendering sessions/new.html.erb within layouts/application
  Rendered sessions/new.html.erb within layouts/application (1.0ms)
Redirected to http://localhost:3000/session/new
Completed 302 Found in 27ms (Views: 26.0ms | ActiveRecord: 0.0ms)


Started GET "/session/new" for ::1 at 2020-01-28 15:33:53 -0800
Processing by SessionsController#new as HTML
  Rendering sessions/new.html.erb within layouts/application
  Rendered sessions/new.html.erb within layouts/application (0.5ms)
Redirected to http://localhost:3000/session/new
Completed 302 Found in 31ms (Views: 30.0ms | ActiveRecord: 0.0ms)


Started GET "/session/new" for ::1 at 2020-01-28 15:33:53 -0800
Processing by SessionsController#new as HTML
  Rendering sessions/new.html.erb within layouts/application
  Rendered sessions/new.html.erb within layouts/application (0.7ms)
Redirected to http://localhost:3000/session/new
Completed 302 Found in 32ms (Views: 31.8ms | ActiveRecord: 0.0ms)


Started GET "/session/new" for ::1 at 2020-01-28 15:33:53 -0800
Processing by SessionsController#new as HTML
  Rendering sessions/new.html.erb within layouts/application
  Rendered sessions/new.html.erb within layouts/application (0.8ms)
Redirected to http://localhost:3000/session/new
Completed 302 Found in 28ms (Views: 27.4ms | ActiveRecord: 0.0ms)


Started GET "/session/new" for ::1 at 2020-01-28 15:33:53 -0800
Processing by SessionsController#new as HTML
  Rendering sessions/new.html.erb within layouts/application
  Rendered sessions/new.html.erb within layouts/application (0.7ms)
Redirected to http://localhost:3000/session/new
Completed 302 Found in 25ms (Views: 24.4ms | ActiveRecord: 0.0ms)


Started GET "/session/new" for ::1 at 2020-01-28 15:33:53 -0800
Processing by SessionsController#new as HTML
  Rendering sessions/new.html.erb within layouts/application
  Rendered sessions/new.html.erb within layouts/application (0.6ms)
Redirected to http://localhost:3000/session/new
Completed 302 Found in 35ms (Views: 34.3ms | ActiveRecord: 0.0ms)


Started GET "/session/new" for ::1 at 2020-01-28 15:33:53 -0800
Processing by SessionsController#new as HTML
  Rendering sessions/new.html.erb within layouts/application
  Rendered sessions/new.html.erb within layouts/application (0.7ms)
Redirected to http://localhost:3000/session/new
Completed 302 Found in 26ms (Views: 25.6ms | ActiveRecord: 0.0ms)


Started GET "/session/new" for ::1 at 2020-01-28 15:33:53 -0800
Processing by SessionsController#new as HTML
  Rendering sessions/new.html.erb within layouts/application
  Rendered sessions/new.html.erb within layouts/application (0.5ms)
Redirected to http://localhost:3000/session/new
Completed 302 Found in 27ms (Views: 26.4ms | ActiveRecord: 0.0ms)


Started GET "/session/new" for ::1 at 2020-01-28 15:33:53 -0800
Processing by SessionsController#new as HTML
  Rendering sessions/new.html.erb within layouts/application
  Rendered sessions/new.html.erb within layouts/application (0.7ms)
Redirected to http://localhost:3000/session/new
Completed 302 Found in 26ms (Views: 25.2ms | ActiveRecord: 0.0ms)


Started GET "/session/new" for ::1 at 2020-01-28 15:33:53 -0800
Processing by SessionsController#new as HTML
  Rendering sessions/new.html.erb within layouts/application
  Rendered sessions/new.html.erb within layouts/application (0.5ms)
Redirected to http://localhost:3000/session/new
Completed 302 Found in 26ms (Views: 25.9ms | ActiveRecord: 0.0ms)


Started GET "/session/new" for ::1 at 2020-01-28 15:33:53 -0800
Processing by SessionsController#new as HTML
  Rendering sessions/new.html.erb within layouts/application
  Rendered sessions/new.html.erb within layouts/application (0.8ms)
Redirected to http://localhost:3000/session/new
Completed 302 Found in 29ms (Views: 27.7ms | ActiveRecord: 0.0ms)


Started GET "/session/new" for ::1 at 2020-01-28 15:33:53 -0800
Processing by SessionsController#new as HTML
  Rendering sessions/new.html.erb within layouts/application
  Rendered sessions/new.html.erb within layouts/application (0.5ms)
Redirected to http://localhost:3000/session/new
Completed 302 Found in 27ms (Views: 26.8ms | ActiveRecord: 0.0ms)


Started GET "/session/new" for ::1 at 2020-01-28 15:33:55 -0800
Processing by SessionsController#new as HTML
  Rendering sessions/new.html.erb within layouts/application
  Rendered sessions/new.html.erb within layouts/application (0.6ms)
Redirected to http://localhost:3000/session/new
Completed 302 Found in 51ms (Views: 50.1ms | ActiveRecord: 0.0ms)


Started GET "/session/new" for ::1 at 2020-01-28 15:33:55 -0800
Processing by SessionsController#new as HTML
  Rendering sessions/new.html.erb within layouts/application
  Rendered sessions/new.html.erb within layouts/application (3.3ms)
Redirected to http://localhost:3000/session/new
Completed 302 Found in 172ms (Views: 171.3ms | ActiveRecord: 0.0ms)


Started GET "/session/new" for ::1 at 2020-01-28 15:33:55 -0800
Processing by SessionsController#new as HTML
  Rendering sessions/new.html.erb within layouts/application
  Rendered sessions/new.html.erb within layouts/application (0.5ms)
Redirected to http://localhost:3000/session/new
Completed 302 Found in 33ms (Views: 32.6ms | ActiveRecord: 0.0ms)


Started GET "/session/new" for ::1 at 2020-01-28 15:33:55 -0800
Processing by SessionsController#new as HTML
  Rendering sessions/new.html.erb within layouts/application
  Rendered sessions/new.html.erb within layouts/application (0.9ms)
Redirected to http://localhost:3000/session/new
Completed 302 Found in 27ms (Views: 27.0ms | ActiveRecord: 0.0ms)


Started GET "/session/new" for ::1 at 2020-01-28 15:33:55 -0800
Processing by SessionsController#new as HTML
  Rendering sessions/new.html.erb within layouts/application
  Rendered sessions/new.html.erb within layouts/application (1.1ms)
Redirected to http://localhost:3000/session/new
Completed 302 Found in 31ms (Views: 30.3ms | ActiveRecord: 0.0ms)


Started GET "/session/new" for ::1 at 2020-01-28 15:33:55 -0800
Processing by SessionsController#new as HTML
  Rendering sessions/new.html.erb within layouts/application
  Rendered sessions/new.html.erb within layouts/application (0.6ms)
Redirected to http://localhost:3000/session/new
Completed 302 Found in 41ms (Views: 40.0ms | ActiveRecord: 0.0ms)


Started GET "/session/new" for ::1 at 2020-01-28 15:33:55 -0800
Processing by SessionsController#new as HTML
  Rendering sessions/new.html.erb within layouts/application
  Rendered sessions/new.html.erb within layouts/application (0.6ms)
Redirected to http://localhost:3000/session/new
Completed 302 Found in 29ms (Views: 23.7ms | ActiveRecord: 0.0ms)


Started GET "/session/new" for ::1 at 2020-01-28 15:33:55 -0800
Processing by SessionsController#new as HTML
  Rendering sessions/new.html.erb within layouts/application
  Rendered sessions/new.html.erb within layouts/application (1.1ms)
Redirected to http://localhost:3000/session/new
Completed 302 Found in 38ms (Views: 38.0ms | ActiveRecord: 0.0ms)


Started GET "/session/new" for ::1 at 2020-01-28 15:33:55 -0800
Processing by SessionsController#new as HTML
  Rendering sessions/new.html.erb within layouts/application
  Rendered sessions/new.html.erb within layouts/application (0.4ms)
Redirected to http://localhost:3000/session/new
Completed 302 Found in 31ms (Views: 30.2ms | ActiveRecord: 0.0ms)


Started GET "/session/new" for ::1 at 2020-01-28 15:33:55 -0800
Processing by SessionsController#new as HTML
  Rendering sessions/new.html.erb within layouts/application
  Rendered sessions/new.html.erb within layouts/application (0.9ms)
Redirected to http://localhost:3000/session/new
Completed 302 Found in 22ms (Views: 22.0ms | ActiveRecord: 0.0ms)


Started GET "/session/new" for ::1 at 2020-01-28 15:33:55 -0800
Processing by SessionsController#new as HTML
  Rendering sessions/new.html.erb within layouts/application
  Rendered sessions/new.html.erb within layouts/application (0.5ms)
Redirected to http://localhost:3000/session/new
Completed 302 Found in 30ms (Views: 29.1ms | ActiveRecord: 0.0ms)


Started GET "/session/new" for ::1 at 2020-01-28 15:33:55 -0800
Processing by SessionsController#new as HTML
  Rendering sessions/new.html.erb within layouts/application
  Rendered sessions/new.html.erb within layouts/application (0.7ms)
Redirected to http://localhost:3000/session/new
Completed 302 Found in 33ms (Views: 32.6ms | ActiveRecord: 0.0ms)


Started GET "/session/new" for ::1 at 2020-01-28 15:33:55 -0800
Processing by SessionsController#new as HTML
  Rendering sessions/new.html.erb within layouts/application
  Rendered sessions/new.html.erb within layouts/application (0.8ms)
Redirected to http://localhost:3000/session/new
Completed 302 Found in 31ms (Views: 29.9ms | ActiveRecord: 0.0ms)


Started GET "/session/new" for ::1 at 2020-01-28 15:33:55 -0800
Processing by SessionsController#new as HTML
  Rendering sessions/new.html.erb within layouts/application
  Rendered sessions/new.html.erb within layouts/application (0.5ms)
Redirected to http://localhost:3000/session/new
Completed 302 Found in 26ms (Views: 26.0ms | ActiveRecord: 0.0ms)


Started GET "/session/new" for ::1 at 2020-01-28 15:33:55 -0800
Processing by SessionsController#new as HTML
  Rendering sessions/new.html.erb within layouts/application
  Rendered sessions/new.html.erb within layouts/application (0.5ms)
Redirected to http://localhost:3000/session/new
Completed 302 Found in 25ms (Views: 24.3ms | ActiveRecord: 0.0ms)


Started GET "/session/new" for ::1 at 2020-01-28 15:33:55 -0800
Processing by SessionsController#new as HTML
  Rendering sessions/new.html.erb within layouts/application
  Rendered sessions/new.html.erb within layouts/application (0.6ms)
Redirected to http://localhost:3000/session/new
Completed 302 Found in 29ms (Views: 28.3ms | ActiveRecord: 0.0ms)


Started GET "/session/new" for ::1 at 2020-01-28 15:33:55 -0800
Processing by SessionsController#new as HTML
  Rendering sessions/new.html.erb within layouts/application
  Rendered sessions/new.html.erb within layouts/application (0.6ms)
Redirected to http://localhost:3000/session/new
Completed 302 Found in 36ms (Views: 35.6ms | ActiveRecord: 0.0ms)


Started GET "/session/new" for ::1 at 2020-01-28 15:33:56 -0800
Processing by SessionsController#new as HTML
  Rendering sessions/new.html.erb within layouts/application
  Rendered sessions/new.html.erb within layouts/application (0.7ms)
Redirected to http://localhost:3000/session/new
Completed 302 Found in 26ms (Views: 24.6ms | ActiveRecord: 0.0ms)


Started GET "/session/new" for ::1 at 2020-01-28 15:33:56 -0800
Processing by SessionsController#new as HTML
  Rendering sessions/new.html.erb within layouts/application
  Rendered sessions/new.html.erb within layouts/application (0.4ms)
Redirected to http://localhost:3000/session/new
Completed 302 Found in 27ms (Views: 26.5ms | ActiveRecord: 0.0ms)


Started GET "/session/new" for ::1 at 2020-01-28 15:33:56 -0800
Processing by SessionsController#new as HTML
  Rendering sessions/new.html.erb within layouts/application
  Rendered sessions/new.html.erb within layouts/application (0.6ms)
Redirected to http://localhost:3000/session/new
Completed 302 Found in 29ms (Views: 28.3ms | ActiveRecord: 0.0ms)


Started GET "/session/new" for ::1 at 2020-01-28 15:34:01 -0800
Processing by SessionsController#new as HTML
  Rendering sessions/new.html.erb within layouts/application
  Rendered sessions/new.html.erb within layouts/application (0.6ms)
Redirected to http://localhost:3000/session/new
Completed 302 Found in 40ms (Views: 39.3ms | ActiveRecord: 0.0ms)


Started GET "/session/new" for ::1 at 2020-01-28 15:34:01 -0800
Processing by SessionsController#new as HTML
  Rendering sessions/new.html.erb within layouts/application
  Rendered sessions/new.html.erb within layouts/application (0.7ms)
Redirected to http://localhost:3000/session/new
Completed 302 Found in 49ms (Views: 48.1ms | ActiveRecord: 0.0ms)


Started GET "/session/new" for ::1 at 2020-01-28 15:34:01 -0800
Processing by SessionsController#new as HTML
  Rendering sessions/new.html.erb within layouts/application
  Rendered sessions/new.html.erb within layouts/application (0.5ms)
Redirected to http://localhost:3000/session/new
Completed 302 Found in 34ms (Views: 33.3ms | ActiveRecord: 0.0ms)


Started GET "/session/new" for ::1 at 2020-01-28 15:34:01 -0800
Processing by SessionsController#new as HTML
  Rendering sessions/new.html.erb within layouts/application
  Rendered sessions/new.html.erb within layouts/application (0.6ms)
Redirected to http://localhost:3000/session/new
Completed 302 Found in 39ms (Views: 39.0ms | ActiveRecord: 0.0ms)


Started GET "/session/new" for ::1 at 2020-01-28 15:34:01 -0800
Processing by SessionsController#new as HTML
  Rendering sessions/new.html.erb within layouts/application
  Rendered sessions/new.html.erb within layouts/application (0.8ms)
Redirected to http://localhost:3000/session/new
Completed 302 Found in 41ms (Views: 40.3ms | ActiveRecord: 0.0ms)


Started GET "/session/new" for ::1 at 2020-01-28 15:34:01 -0800
Processing by SessionsController#new as HTML
  Rendering sessions/new.html.erb within layouts/application
  Rendered sessions/new.html.erb within layouts/application (1.3ms)
Redirected to http://localhost:3000/session/new
Completed 302 Found in 36ms (Views: 35.7ms | ActiveRecord: 0.0ms)


Started GET "/session/new" for ::1 at 2020-01-28 15:34:01 -0800
Processing by SessionsController#new as HTML
  Rendering sessions/new.html.erb within layouts/application
  Rendered sessions/new.html.erb within layouts/application (0.7ms)
Redirected to http://localhost:3000/session/new
Completed 302 Found in 45ms (Views: 44.3ms | ActiveRecord: 0.0ms)


Started GET "/session/new" for ::1 at 2020-01-28 15:34:01 -0800
Processing by SessionsController#new as HTML
  Rendering sessions/new.html.erb within layouts/application
  Rendered sessions/new.html.erb within layouts/application (0.5ms)
Redirected to http://localhost:3000/session/new
Completed 302 Found in 43ms (Views: 42.3ms | ActiveRecord: 0.0ms)


Started GET "/session/new" for ::1 at 2020-01-28 15:34:01 -0800
Processing by SessionsController#new as HTML
  Rendering sessions/new.html.erb within layouts/application
  Rendered sessions/new.html.erb within layouts/application (0.7ms)
Redirected to http://localhost:3000/session/new
Completed 302 Found in 62ms (Views: 61.5ms | ActiveRecord: 0.0ms)


Started GET "/session/new" for ::1 at 2020-01-28 15:34:01 -0800
Processing by SessionsController#new as HTML
  Rendering sessions/new.html.erb within layouts/application
  Rendered sessions/new.html.erb within layouts/application (0.5ms)
Redirected to http://localhost:3000/session/new
Completed 302 Found in 31ms (Views: 30.2ms | ActiveRecord: 0.0ms)


Started GET "/session/new" for ::1 at 2020-01-28 15:34:01 -0800
Processing by SessionsController#new as HTML
  Rendering sessions/new.html.erb within layouts/application
  Rendered sessions/new.html.erb within layouts/application (0.9ms)
Redirected to http://localhost:3000/session/new
Completed 302 Found in 28ms (Views: 27.2ms | ActiveRecord: 0.0ms)


Started GET "/session/new" for ::1 at 2020-01-28 15:34:01 -0800
Processing by SessionsController#new as HTML
  Rendering sessions/new.html.erb within layouts/application
  Rendered sessions/new.html.erb within layouts/application (0.5ms)
Redirected to http://localhost:3000/session/new
Completed 302 Found in 27ms (Views: 26.2ms | ActiveRecord: 0.0ms)


Started GET "/session/new" for ::1 at 2020-01-28 15:34:01 -0800
Processing by SessionsController#new as HTML
  Rendering sessions/new.html.erb within layouts/application
  Rendered sessions/new.html.erb within layouts/application (0.5ms)
Redirected to http://localhost:3000/session/new
Completed 302 Found in 29ms (Views: 27.9ms | ActiveRecord: 0.0ms)


Started GET "/session/new" for ::1 at 2020-01-28 15:34:01 -0800
Processing by SessionsController#new as HTML
  Rendering sessions/new.html.erb within layouts/application
  Rendered sessions/new.html.erb within layouts/application (0.9ms)
Redirected to http://localhost:3000/session/new
Completed 302 Found in 33ms (Views: 32.4ms | ActiveRecord: 0.0ms)


Started GET "/session/new" for ::1 at 2020-01-28 15:34:01 -0800
Processing by SessionsController#new as HTML
  Rendering sessions/new.html.erb within layouts/application
  Rendered sessions/new.html.erb within layouts/application (0.5ms)
Redirected to http://localhost:3000/session/new
Completed 302 Found in 33ms (Views: 32.3ms | ActiveRecord: 0.0ms)


Started GET "/session/new" for ::1 at 2020-01-28 15:34:01 -0800
Processing by SessionsController#new as HTML
  Rendering sessions/new.html.erb within layouts/application
  Rendered sessions/new.html.erb within layouts/application (0.9ms)
Redirected to http://localhost:3000/session/new
Completed 302 Found in 32ms (Views: 30.8ms | ActiveRecord: 0.0ms)


Started GET "/session/new" for ::1 at 2020-01-28 15:34:01 -0800
Processing by SessionsController#new as HTML
  Rendering sessions/new.html.erb within layouts/application
  Rendered sessions/new.html.erb within layouts/application (0.5ms)
Redirected to http://localhost:3000/session/new
Completed 302 Found in 31ms (Views: 29.2ms | ActiveRecord: 0.0ms)


Started GET "/session/new" for ::1 at 2020-01-28 15:34:01 -0800
Processing by SessionsController#new as HTML
  Rendering sessions/new.html.erb within layouts/application
  Rendered sessions/new.html.erb within layouts/application (0.8ms)
Redirected to http://localhost:3000/session/new
Completed 302 Found in 30ms (Views: 29.5ms | ActiveRecord: 0.0ms)


Started GET "/session/new" for ::1 at 2020-01-28 15:34:02 -0800
Processing by SessionsController#new as HTML
  Rendering sessions/new.html.erb within layouts/application
  Rendered sessions/new.html.erb within layouts/application (0.5ms)
Redirected to http://localhost:3000/session/new
Completed 302 Found in 30ms (Views: 29.5ms | ActiveRecord: 0.0ms)


Started GET "/session/new" for ::1 at 2020-01-28 15:34:02 -0800
Processing by SessionsController#new as HTML
  Rendering sessions/new.html.erb within layouts/application
  Rendered sessions/new.html.erb within layouts/application (0.5ms)
Redirected to http://localhost:3000/session/new
Completed 302 Found in 37ms (Views: 36.2ms | ActiveRecord: 0.0ms)


Started GET "/session/new" for ::1 at 2020-01-28 15:34:15 -0800
Processing by SessionsController#new as HTML
  Rendering sessions/new.html.erb within layouts/application
  Rendered sessions/new.html.erb within layouts/application (1.5ms)
Completed 500 Internal Server Error in 771ms (ActiveRecord: 0.0ms)



NameError - undefined local variable or method `require_login' for #<#<Class:0x00007f85c83e5cd8>:0x00007f85c83e4360>
Did you mean?  require:
  app/views/layouts/application.html.erb:24:in `_app_views_layouts_application_html_erb__2647249556248191861_70106285655400'
  app/controllers/sessions_controller.rb:3:in `new'

Started POST "/__better_errors/61c645d2e1a2bc79/variables" for ::1 at 2020-01-28 15:34:16 -0800
Started GET "/session/new" for ::1 at 2020-01-28 15:37:26 -0800
Processing by SessionsController#new as HTML
  Rendering sessions/new.html.erb within layouts/application
  Rendered sessions/new.html.erb within layouts/application (0.7ms)
Completed 200 OK in 47ms (Views: 45.6ms | ActiveRecord: 0.0ms)


Started GET "/session/new" for ::1 at 2020-01-28 15:38:50 -0800
Processing by SessionsController#new as HTML
  Rendering sessions/new.html.erb within layouts/application
  Rendered sessions/new.html.erb within layouts/application (0.7ms)
Completed 500 Internal Server Error in 882ms (ActiveRecord: 0.0ms)



NameError - undefined local variable or method `create_session_url' for #<#<Class:0x00007f85c83e5cd8>:0x00007f85c3300e08>
Did you mean?  new_session_url:
  app/views/layouts/application.html.erb:29:in `_app_views_layouts_application_html_erb__2647249556248191861_70106241026980'
  app/controllers/sessions_controller.rb:3:in `new'

Started POST "/__better_errors/00da33f005f9469b/variables" for ::1 at 2020-01-28 15:38:51 -0800
Started GET "/session/new" for ::1 at 2020-01-28 16:04:22 -0800
Processing by SessionsController#new as HTML
  Rendering sessions/new.html.erb within layouts/application
  Rendered sessions/new.html.erb within layouts/application (5.6ms)
Completed 500 Internal Server Error in 874ms (ActiveRecord: 0.0ms)



NameError - undefined local variable or method `create_session_url' for #<#<Class:0x00007f85c83e5cd8>:0x00007f85c1cadc50>
Did you mean?  new_session_url:
  app/views/layouts/application.html.erb:29:in `_app_views_layouts_application_html_erb__2647249556248191861_70106285806040'
  app/controllers/sessions_controller.rb:3:in `new'

Started POST "/__better_errors/1c09b4ef50a02614/variables" for ::1 at 2020-01-28 16:04:23 -0800
Started GET "/session/new" for ::1 at 2020-01-28 16:05:12 -0800
Processing by SessionsController#new as HTML
  Rendering sessions/new.html.erb within layouts/application
  Rendered sessions/new.html.erb within layouts/application (0.6ms)
Completed 200 OK in 56ms (Views: 55.5ms | ActiveRecord: 0.0ms)


Started GET "/session/new" for ::1 at 2020-01-28 16:05:15 -0800
Processing by SessionsController#new as HTML
  Rendering sessions/new.html.erb within layouts/application
  Rendered sessions/new.html.erb within layouts/application (1.0ms)
Completed 200 OK in 31ms (Views: 30.3ms | ActiveRecord: 0.0ms)


Started GET "/session/new" for ::1 at 2020-01-28 16:05:17 -0800
Processing by SessionsController#new as HTML
  Rendering sessions/new.html.erb within layouts/application
  Rendered sessions/new.html.erb within layouts/application (0.5ms)
Completed 200 OK in 26ms (Views: 24.8ms | ActiveRecord: 0.0ms)


Started GET "/session/" for ::1 at 2020-01-28 16:05:30 -0800
  
ActionController::RoutingError (No route matches [GET] "/session"):
  
actionpack (5.2.4.1) lib/action_dispatch/middleware/debug_exceptions.rb:65:in `call'
web-console (3.7.0) lib/web_console/middleware.rb:135:in `call_app'
web-console (3.7.0) lib/web_console/middleware.rb:30:in `block in call'
web-console (3.7.0) lib/web_console/middleware.rb:20:in `catch'
web-console (3.7.0) lib/web_console/middleware.rb:20:in `call'
actionpack (5.2.4.1) lib/action_dispatch/middleware/show_exceptions.rb:33:in `call'
railties (5.2.4.1) lib/rails/rack/logger.rb:38:in `call_app'
railties (5.2.4.1) lib/rails/rack/logger.rb:26:in `block in call'
activesupport (5.2.4.1) lib/active_support/tagged_logging.rb:71:in `block in tagged'
activesupport (5.2.4.1) lib/active_support/tagged_logging.rb:28:in `tagged'
activesupport (5.2.4.1) lib/active_support/tagged_logging.rb:71:in `tagged'
railties (5.2.4.1) lib/rails/rack/logger.rb:26:in `call'
sprockets-rails (3.2.1) lib/sprockets/rails/quiet_assets.rb:13:in `call'
actionpack (5.2.4.1) lib/action_dispatch/middleware/remote_ip.rb:81:in `call'
actionpack (5.2.4.1) lib/action_dispatch/middleware/request_id.rb:27:in `call'
rack (2.1.2) lib/rack/method_override.rb:24:in `call'
rack (2.1.2) lib/rack/runtime.rb:24:in `call'
activesupport (5.2.4.1) lib/active_support/cache/strategy/local_cache_middleware.rb:29:in `call'
actionpack (5.2.4.1) lib/action_dispatch/middleware/executor.rb:14:in `call'
actionpack (5.2.4.1) lib/action_dispatch/middleware/static.rb:127:in `call'
rack (2.1.2) lib/rack/sendfile.rb:113:in `call'
railties (5.2.4.1) lib/rails/engine.rb:524:in `call'
puma (3.12.2) lib/puma/configuration.rb:227:in `call'
puma (3.12.2) lib/puma/server.rb:674:in `handle_request'
puma (3.12.2) lib/puma/server.rb:476:in `process_client'
puma (3.12.2) lib/puma/server.rb:334:in `block in run'
puma (3.12.2) lib/puma/thread_pool.rb:135:in `block in spawn_thread'
Started GET "/session/new" for ::1 at 2020-01-28 16:08:06 -0800
Processing by SessionsController#new as HTML
  Rendering sessions/new.html.erb within layouts/application
  Rendered sessions/new.html.erb within layouts/application (6.5ms)
Completed 200 OK in 94ms (Views: 86.2ms | ActiveRecord: 0.0ms)


Started GET "/session/new" for ::1 at 2020-01-28 16:09:07 -0800
Processing by SessionsController#new as HTML
  Rendering sessions/new.html.erb within layouts/application
  Rendered sessions/new.html.erb within layouts/application (0.8ms)
Completed 200 OK in 46ms (Views: 45.3ms | ActiveRecord: 0.0ms)


Started GET "/session/new" for ::1 at 2020-01-28 16:10:20 -0800
Processing by SessionsController#new as HTML
  Rendering sessions/new.html.erb within layouts/application
  Rendered sessions/new.html.erb within layouts/application (0.8ms)
Completed 200 OK in 56ms (Views: 55.5ms | ActiveRecord: 0.0ms)


Started GET "/session/new" for ::1 at 2020-01-28 16:10:35 -0800
Processing by SessionsController#new as HTML
  Rendering sessions/new.html.erb within layouts/application
  Rendered sessions/new.html.erb within layouts/application (6.3ms)
Completed 200 OK in 116ms (Views: 109.5ms | ActiveRecord: 0.0ms)


Started GET "/session/new" for ::1 at 2020-01-28 16:11:46 -0800
Processing by SessionsController#new as HTML
  Rendering sessions/new.html.erb within layouts/application
  Rendered sessions/new.html.erb within layouts/application (1.3ms)
Completed 200 OK in 75ms (Views: 73.9ms | ActiveRecord: 0.0ms)


Started GET "/session/new" for ::1 at 2020-01-28 16:11:48 -0800
Processing by SessionsController#new as HTML
  Rendering sessions/new.html.erb within layouts/application
  Rendered sessions/new.html.erb within layouts/application (1.2ms)
Completed 200 OK in 60ms (Views: 58.6ms | ActiveRecord: 0.0ms)


Started GET "/session/new" for ::1 at 2020-01-28 16:12:01 -0800
Processing by SessionsController#new as HTML
  Rendering sessions/new.html.erb within layouts/application
  Rendered sessions/new.html.erb within layouts/application (0.9ms)
Completed 200 OK in 50ms (Views: 49.1ms | ActiveRecord: 0.0ms)


Started GET "/session/new" for ::1 at 2020-01-28 16:12:21 -0800
Processing by SessionsController#new as HTML
  Rendering sessions/new.html.erb within layouts/application
  Rendered sessions/new.html.erb within layouts/application (0.9ms)
Completed 200 OK in 82ms (Views: 81.3ms | ActiveRecord: 0.0ms)


Started GET "/session/new" for ::1 at 2020-01-28 16:12:36 -0800
Processing by SessionsController#new as HTML
  Rendering sessions/new.html.erb within layouts/application
  Rendered sessions/new.html.erb within layouts/application (0.7ms)
Completed 200 OK in 69ms (Views: 67.7ms | ActiveRecord: 0.0ms)


Started GET "/session/new" for ::1 at 2020-01-28 16:12:45 -0800
Processing by SessionsController#new as HTML
  Rendering sessions/new.html.erb within layouts/application
  Rendered sessions/new.html.erb within layouts/application (0.8ms)
Completed 200 OK in 55ms (Views: 53.7ms | ActiveRecord: 0.0ms)


Started GET "/session/new" for ::1 at 2020-01-28 16:12:57 -0800
Processing by SessionsController#new as HTML
  Rendering sessions/new.html.erb within layouts/application
  Rendered sessions/new.html.erb within layouts/application (0.6ms)
Completed 200 OK in 55ms (Views: 54.5ms | ActiveRecord: 0.0ms)


Started GET "/session/new" for ::1 at 2020-01-28 16:13:06 -0800
Processing by SessionsController#new as HTML
  Rendering sessions/new.html.erb within layouts/application
  Rendered sessions/new.html.erb within layouts/application (1.3ms)
Completed 200 OK in 61ms (Views: 60.6ms | ActiveRecord: 0.0ms)


Started GET "/session/new" for ::1 at 2020-01-28 16:13:07 -0800
Processing by SessionsController#new as HTML
  Rendering sessions/new.html.erb within layouts/application
  Rendered sessions/new.html.erb within layouts/application (0.8ms)
Completed 200 OK in 35ms (Views: 35.0ms | ActiveRecord: 0.0ms)


Started GET "/session/new" for ::1 at 2020-01-28 16:13:35 -0800
Processing by SessionsController#new as HTML
  Rendering sessions/new.html.erb within layouts/application
  Rendered sessions/new.html.erb within layouts/application (0.6ms)
Completed 200 OK in 32ms (Views: 31.1ms | ActiveRecord: 0.0ms)


Started GET "/session/new" for ::1 at 2020-01-28 16:14:24 -0800
Processing by SessionsController#new as HTML
  Rendering sessions/new.html.erb within layouts/application
  Rendered sessions/new.html.erb within layouts/application (1.0ms)
Completed 200 OK in 98ms (Views: 97.0ms | ActiveRecord: 0.0ms)


Started GET "/session/new" for ::1 at 2020-01-28 16:14:53 -0800
Processing by SessionsController#new as HTML
  Rendering sessions/new.html.erb within layouts/application
  Rendered sessions/new.html.erb within layouts/application (0.7ms)
Completed 200 OK in 47ms (Views: 45.9ms | ActiveRecord: 0.0ms)


Started GET "/session/new" for ::1 at 2020-01-28 16:15:09 -0800
Processing by SessionsController#new as HTML
  Rendering sessions/new.html.erb within layouts/application
  Rendered sessions/new.html.erb within layouts/application (0.8ms)
Completed 200 OK in 49ms (Views: 48.4ms | ActiveRecord: 0.0ms)


Started GET "/session/new" for ::1 at 2020-01-28 16:16:10 -0800
Processing by SessionsController#new as HTML
  Rendering sessions/new.html.erb within layouts/application
  Rendered sessions/new.html.erb within layouts/application (0.6ms)
Completed 200 OK in 95ms (Views: 94.8ms | ActiveRecord: 0.0ms)


Started GET "/session/new" for ::1 at 2020-01-28 16:17:59 -0800
Processing by SessionsController#new as HTML
  Rendering sessions/new.html.erb within layouts/application
  Rendered sessions/new.html.erb within layouts/application (0.7ms)
Completed 200 OK in 48ms (Views: 47.6ms | ActiveRecord: 0.0ms)


Started GET "/session/new" for ::1 at 2020-01-28 16:18:03 -0800
Processing by SessionsController#new as HTML
  Rendering sessions/new.html.erb within layouts/application
  Rendered sessions/new.html.erb within layouts/application (1.0ms)
Completed 200 OK in 39ms (Views: 37.0ms | ActiveRecord: 0.0ms)


Started GET "/session/new" for ::1 at 2020-01-28 16:18:04 -0800
Processing by SessionsController#new as HTML
  Rendering sessions/new.html.erb within layouts/application
  Rendered sessions/new.html.erb within layouts/application (0.7ms)
Completed 200 OK in 80ms (Views: 78.8ms | ActiveRecord: 0.0ms)


Started GET "/session/new" for ::1 at 2020-01-28 16:18:05 -0800
Processing by SessionsController#new as HTML
  Rendering sessions/new.html.erb within layouts/application
  Rendered sessions/new.html.erb within layouts/application (0.6ms)
Completed 200 OK in 31ms (Views: 30.8ms | ActiveRecord: 0.0ms)


Started POST "/session" for ::1 at 2020-01-28 16:18:09 -0800
Processing by SessionsController#create as HTML
Completed 500 Internal Server Error in 7ms (ActiveRecord: 0.0ms)



SyntaxError - syntax error, unexpected ':', expecting keyword_end
  validates: :password, length: {minimum:...
           ^:
  app/models/user.rb:4:in `'
  app/controllers/sessions_controller.rb:7:in `create'

Started POST "/__better_errors/48777730964cc5b3/variables" for ::1 at 2020-01-28 16:18:09 -0800
Started GET "/session/new" for ::1 at 2020-01-28 16:21:49 -0800
Processing by SessionsController#new as HTML
  Rendering sessions/new.html.erb within layouts/application
  Rendered sessions/new.html.erb within layouts/application (7.9ms)
Completed 200 OK in 192ms (Views: 183.8ms | ActiveRecord: 0.0ms)


Started GET "/session/new" for ::1 at 2020-01-28 16:22:21 -0800
Processing by SessionsController#new as HTML
  Rendering sessions/new.html.erb within layouts/application
  Rendered sessions/new.html.erb within layouts/application (0.7ms)
Completed 200 OK in 219ms (Views: 217.9ms | ActiveRecord: 0.0ms)


Started GET "/session/new" for ::1 at 2020-01-28 16:24:19 -0800
Processing by SessionsController#new as HTML
  Rendering sessions/new.html.erb within layouts/application
  Rendered sessions/new.html.erb within layouts/application (0.5ms)
Completed 200 OK in 98ms (Views: 97.0ms | ActiveRecord: 0.0ms)


Started GET "/session/new" for ::1 at 2020-01-28 16:24:52 -0800
Processing by SessionsController#new as HTML
  Rendering sessions/new.html.erb within layouts/application
  Rendered sessions/new.html.erb within layouts/application (0.9ms)
Completed 200 OK in 104ms (Views: 102.7ms | ActiveRecord: 0.0ms)


Started GET "/session/new" for ::1 at 2020-01-28 16:25:20 -0800
Processing by SessionsController#new as HTML
  Rendering sessions/new.html.erb within layouts/application
  Rendered sessions/new.html.erb within layouts/application (0.6ms)
Completed 200 OK in 166ms (Views: 164.6ms | ActiveRecord: 0.0ms)


Started GET "/session/new" for ::1 at 2020-01-28 16:25:54 -0800
Processing by SessionsController#new as HTML
  Rendering sessions/new.html.erb within layouts/application
  Rendered sessions/new.html.erb within layouts/application (0.4ms)
Completed 200 OK in 50ms (Views: 49.9ms | ActiveRecord: 0.0ms)


Started GET "/session/new" for ::1 at 2020-01-28 16:26:06 -0800
Processing by SessionsController#new as HTML
  Rendering sessions/new.html.erb within layouts/application
  Rendered sessions/new.html.erb within layouts/application (0.6ms)
Completed 200 OK in 51ms (Views: 50.8ms | ActiveRecord: 0.0ms)


Started GET "/session/new" for ::1 at 2020-01-28 16:26:21 -0800
Processing by SessionsController#new as HTML
  Rendering sessions/new.html.erb within layouts/application
  Rendered sessions/new.html.erb within layouts/application (0.4ms)
Completed 200 OK in 77ms (Views: 76.7ms | ActiveRecord: 0.0ms)


Started GET "/session/new" for ::1 at 2020-01-28 16:26:49 -0800
Processing by SessionsController#new as HTML
  Rendering sessions/new.html.erb within layouts/application
  Rendered sessions/new.html.erb within layouts/application (0.6ms)
Completed 200 OK in 63ms (Views: 60.9ms | ActiveRecord: 0.0ms)


Started GET "/session/new" for ::1 at 2020-01-28 16:26:50 -0800
Processing by SessionsController#new as HTML
  Rendering sessions/new.html.erb within layouts/application
  Rendered sessions/new.html.erb within layouts/application (0.4ms)
Completed 200 OK in 33ms (Views: 32.3ms | ActiveRecord: 0.0ms)


Started GET "/session/new" for ::1 at 2020-01-28 16:27:05 -0800
Processing by SessionsController#new as HTML
  Rendering sessions/new.html.erb within layouts/application
  Rendered sessions/new.html.erb within layouts/application (0.4ms)
Completed 200 OK in 45ms (Views: 44.4ms | ActiveRecord: 0.0ms)


Started GET "/session/new" for ::1 at 2020-01-28 16:27:19 -0800
Processing by SessionsController#new as HTML
  Rendering sessions/new.html.erb within layouts/application
  Rendered sessions/new.html.erb within layouts/application (0.6ms)
Completed 200 OK in 68ms (Views: 67.0ms | ActiveRecord: 0.0ms)


Started GET "/session/new" for ::1 at 2020-01-28 16:27:55 -0800
Processing by SessionsController#new as HTML
  Rendering sessions/new.html.erb within layouts/application
  Rendered sessions/new.html.erb within layouts/application (0.8ms)
Completed 200 OK in 48ms (Views: 46.9ms | ActiveRecord: 0.0ms)


Started GET "/session/new" for ::1 at 2020-01-28 16:28:13 -0800
Processing by SessionsController#new as HTML
  Rendering sessions/new.html.erb within layouts/application
  Rendered sessions/new.html.erb within layouts/application (0.4ms)
Completed 200 OK in 57ms (Views: 56.4ms | ActiveRecord: 0.0ms)


Started GET "/session/new" for ::1 at 2020-01-28 16:28:36 -0800
Processing by SessionsController#new as HTML
  Rendering sessions/new.html.erb within layouts/application
  Rendered sessions/new.html.erb within layouts/application (0.4ms)
Completed 200 OK in 53ms (Views: 51.9ms | ActiveRecord: 0.0ms)


Started GET "/session/new" for ::1 at 2020-01-28 16:28:37 -0800
Processing by SessionsController#new as HTML
  Rendering sessions/new.html.erb within layouts/application
  Rendered sessions/new.html.erb within layouts/application (0.3ms)
Completed 200 OK in 32ms (Views: 31.2ms | ActiveRecord: 0.0ms)


Started GET "/session/new" for ::1 at 2020-01-28 16:30:10 -0800
Processing by SessionsController#new as HTML
  Rendering sessions/new.html.erb within layouts/application
  Rendered sessions/new.html.erb within layouts/application (0.5ms)
Completed 200 OK in 51ms (Views: 50.5ms | ActiveRecord: 0.0ms)


Started GET "/session/new" for ::1 at 2020-01-28 16:30:40 -0800
Processing by SessionsController#new as HTML
  Rendering sessions/new.html.erb within layouts/application
  Rendered sessions/new.html.erb within layouts/application (0.7ms)
Completed 200 OK in 59ms (Views: 58.4ms | ActiveRecord: 0.0ms)


Started GET "/session/new" for ::1 at 2020-01-28 16:31:26 -0800
Processing by SessionsController#new as HTML
  Rendering sessions/new.html.erb within layouts/application
  Rendered sessions/new.html.erb within layouts/application (0.7ms)
Completed 200 OK in 113ms (Views: 111.7ms | ActiveRecord: 0.0ms)


Started GET "/session/new" for ::1 at 2020-01-28 16:31:45 -0800
Processing by SessionsController#new as HTML
  Rendering sessions/new.html.erb within layouts/application
  Rendered sessions/new.html.erb within layouts/application (0.5ms)
Completed 200 OK in 62ms (Views: 60.9ms | ActiveRecord: 0.0ms)


Started GET "/session/new" for ::1 at 2020-01-28 16:32:35 -0800
Processing by SessionsController#new as HTML
  Rendering sessions/new.html.erb within layouts/application
  Rendered sessions/new.html.erb within layouts/application (0.8ms)
Completed 200 OK in 51ms (Views: 50.2ms | ActiveRecord: 0.0ms)


Started GET "/session/new" for ::1 at 2020-01-28 16:32:52 -0800
Processing by SessionsController#new as HTML
  Rendering sessions/new.html.erb within layouts/application
  Rendered sessions/new.html.erb within layouts/application (0.5ms)
Completed 200 OK in 59ms (Views: 58.2ms | ActiveRecord: 0.0ms)


Started GET "/session/new" for ::1 at 2020-01-28 16:33:02 -0800
Processing by SessionsController#new as HTML
  Rendering sessions/new.html.erb within layouts/application
  Rendered sessions/new.html.erb within layouts/application (0.5ms)
Completed 200 OK in 84ms (Views: 83.1ms | ActiveRecord: 0.0ms)


Started GET "/session/new" for ::1 at 2020-01-28 16:35:10 -0800
Processing by SessionsController#new as HTML
  Rendering sessions/new.html.erb within layouts/application
  Rendered sessions/new.html.erb within layouts/application (0.6ms)
Completed 200 OK in 48ms (Views: 47.1ms | ActiveRecord: 0.0ms)


Started GET "/session/new" for ::1 at 2020-01-28 16:36:49 -0800
Processing by SessionsController#new as HTML
  Rendering sessions/new.html.erb within layouts/application
  Rendered sessions/new.html.erb within layouts/application (10.5ms)
Completed 200 OK in 120ms (Views: 115.2ms | ActiveRecord: 0.0ms)


Started GET "/session/new" for ::1 at 2020-01-28 16:37:06 -0800
Processing by SessionsController#new as HTML
  Rendering sessions/new.html.erb within layouts/application
  Rendered sessions/new.html.erb within layouts/application (0.6ms)
Completed 200 OK in 44ms (Views: 43.5ms | ActiveRecord: 0.0ms)


Started GET "/session/new" for ::1 at 2020-01-28 16:37:29 -0800
Processing by SessionsController#new as HTML
  Rendering sessions/new.html.erb within layouts/application
  Rendered sessions/new.html.erb within layouts/application (0.8ms)
Completed 200 OK in 66ms (Views: 65.3ms | ActiveRecord: 0.0ms)


Started GET "/session/new" for ::1 at 2020-01-28 16:37:55 -0800
Processing by SessionsController#new as HTML
  Rendering sessions/new.html.erb within layouts/application
  Rendered sessions/new.html.erb within layouts/application (0.4ms)
Completed 200 OK in 87ms (Views: 86.4ms | ActiveRecord: 0.0ms)


Started GET "/session/new" for ::1 at 2020-01-28 16:38:33 -0800
Processing by SessionsController#new as HTML
  Rendering sessions/new.html.erb within layouts/application
  Rendered sessions/new.html.erb within layouts/application (0.4ms)
Completed 200 OK in 62ms (Views: 61.0ms | ActiveRecord: 0.0ms)


Started GET "/session/new" for ::1 at 2020-01-28 16:38:52 -0800
Processing by SessionsController#new as HTML
  Rendering sessions/new.html.erb within layouts/application
  Rendered sessions/new.html.erb within layouts/application (0.4ms)
Completed 200 OK in 92ms (Views: 90.9ms | ActiveRecord: 0.0ms)


Started GET "/session/new" for ::1 at 2020-01-28 16:39:10 -0800
Processing by SessionsController#new as HTML
  Rendering sessions/new.html.erb within layouts/application
  Rendered sessions/new.html.erb within layouts/application (0.4ms)
Completed 200 OK in 37ms (Views: 36.6ms | ActiveRecord: 0.0ms)


Started GET "/session/new" for ::1 at 2020-01-28 16:39:29 -0800
Processing by SessionsController#new as HTML
  Rendering sessions/new.html.erb within layouts/application
  Rendered sessions/new.html.erb within layouts/application (0.5ms)
Completed 200 OK in 48ms (Views: 47.0ms | ActiveRecord: 0.0ms)


Started GET "/session/new" for ::1 at 2020-01-28 16:39:59 -0800
Processing by SessionsController#new as HTML
  Rendering sessions/new.html.erb within layouts/application
  Rendered sessions/new.html.erb within layouts/application (0.5ms)
Completed 200 OK in 42ms (Views: 41.0ms | ActiveRecord: 0.0ms)


Started GET "/session/new" for ::1 at 2020-01-28 16:40:09 -0800
Processing by SessionsController#new as HTML
  Rendering sessions/new.html.erb within layouts/application
  Rendered sessions/new.html.erb within layouts/application (0.6ms)
Completed 200 OK in 40ms (Views: 39.7ms | ActiveRecord: 0.0ms)


  [1m[35m (0.3ms)[0m  [1m[34mSELECT pg_try_advisory_lock(4505726345591715405)[0m
  ↳ bin/rails:9
  [1m[35m (2.3ms)[0m  [1m[34mSELECT "schema_migrations"."version" FROM "schema_migrations" ORDER BY "schema_migrations"."version" ASC[0m
  ↳ bin/rails:9
Migrating to CreateBands (20200129004316)
  [1m[35m (0.2ms)[0m  [1m[35mBEGIN[0m
  ↳ bin/rails:9
  [1m[35m (10.2ms)[0m  [1m[35mCREATE TABLE "bands" ("id" bigserial primary key, "name" character varying NOT NULL, "created_at" timestamp NOT NULL, "updated_at" timestamp NOT NULL)[0m
  ↳ db/migrate/20200129004316_create_bands.rb:3
  [1m[36mActiveRecord::SchemaMigration Create (0.6ms)[0m  [1m[32mINSERT INTO "schema_migrations" ("version") VALUES ($1) RETURNING "version"[0m  [["version", "20200129004316"]]
  ↳ bin/rails:9
  [1m[35m (0.7ms)[0m  [1m[35mCOMMIT[0m
  ↳ bin/rails:9
  [1m[36mActiveRecord::InternalMetadata Load (0.8ms)[0m  [1m[34mSELECT  "ar_internal_metadata".* FROM "ar_internal_metadata" WHERE "ar_internal_metadata"."key" = $1 LIMIT $2[0m  [["key", "environment"], ["LIMIT", 1]]
  ↳ bin/rails:9
  [1m[35m (0.3ms)[0m  [1m[35mBEGIN[0m
  ↳ bin/rails:9
  [1m[35m (0.2ms)[0m  [1m[35mCOMMIT[0m
  ↳ bin/rails:9
  [1m[35m (0.3ms)[0m  [1m[34mSELECT pg_advisory_unlock(4505726345591715405)[0m
  ↳ bin/rails:9
  [1m[35m (0.6ms)[0m  [1m[34mSELECT "schema_migrations"."version" FROM "schema_migrations" ORDER BY "schema_migrations"."version" ASC[0m
  ↳ bin/rails:9
